<?xml version="1.0" encoding="UTF-8"?>
<testsuite xmlns:xsi="http://www.w3.org/2001/XMLSchema-instance" xsi:noNamespaceSchemaLocation="https://maven.apache.org/surefire/maven-surefire-plugin/xsd/surefire-test-report.xsd" name="MainTest" time="0.893" tests="15" errors="0" skipped="0" failures="0">
  <properties>
[...]
</properties>
  <testcase name="testRectangleAccessModifiers" classname="MainTest" time="0.007"/>
  <testcase name="testCircleAccessModifiers" classname="MainTest" time="0"/>
  <testcase name="testEmployeeAccessModifiers" classname="MainTest" time="0.001"/>
  <testcase name="testCircleTypes" classname="MainTest" time="0.002"/>
  <testcase name="testEmployeeSubClasses" classname="MainTest" time="0.001"/>
  <testcase name="testGetArea" classname="MainTest" time="0.001"/>
  <testcase name="testRectangleTypes" classname="MainTest" time="0"/>
  <testcase name="testEmployeeTypes" classname="MainTest" time="0.001"/>
  <testcase name="testCuboidAccessModifiers" classname="MainTest" time="0"/>
  <testcase name="testCylinderAccessModifiers" classname="MainTest" time="0"/>
  <testcase name="testCuboidTypes" classname="MainTest" time="0"/>
  <testcase name="testCylinderTypes" classname="MainTest" time="0"/>
  <testcase name="testGetAreaRectangle" classname="MainTest" time="0.001"/>
  <testcase name="testGetVolume" classname="MainTest" time="0"/>
  <testcase name="testGetVolumeRectangle" classname="MainTest" time="0.001"/>
</testsuite>